====================db log====================
[seq]
0.24581600 1497335959
--------------------
[unmixed_query]
INSERT INTO `T_MIM_CHAT_RECORD` (`USID_FROM`, `SCENE_TYPE`, `SCENE_ID`, `STATUS`, `CONTENT`, `CONTENT_TYPE`, `CREATE_TIME`) VALUES (? ,? ,? ,? ,? ,? ,? )
--------------------
[unmixed_params]
Array
(
    [0] => 13
    [1] => 3
    [2] => 14
    [3] => 0
    [4] => Array
        (
            [fid] => 20170613143919426
            [sid] => 37
            [type] => jpeg
            [filter] => image
            [destription] => 
            [name] => Chrysanthemum.jpg
            [size] => 879394
            [create_time] => 2017-06-13 14:39:19
            [suffix] => jpg
            [src] => /mf_upload/upload_file/2017/06/13/20170613143919426.jpg
            [width] => 1024
            [height] => 768
        )

    [5] => 1
    [6] => 2017-06-13 14:39:19
)

--------------------
[full_sql]
INSERT INTO `T_MIM_CHAT_RECORD` (`USID_FROM`, `SCENE_TYPE`, `SCENE_ID`, `STATUS`, `CONTENT`, `CONTENT_TYPE`, `CREATE_TIME`) VALUES ('13' ,'3' ,'14' ,'0' ,Array ,1 ,'2017-06-13 14:39:19' )
--------------------
[error]
Unknown column 'Array' in 'field list'
====================db log====================
[seq]
0.18490700 1497336013
--------------------
[unmixed_query]
INSERT INTO `T_MIM_CHAT_RECORD` (`USID_FROM`, `SCENE_TYPE`, `SCENE_ID`, `STATUS`, `CONTENT`, `CONTENT_TYPE`, `CREATE_TIME`) VALUES (? ,? ,? ,? ,? ,? ,? )
--------------------
[unmixed_params]
Array
(
    [0] => 13
    [1] => 3
    [2] => 14
    [3] => 0
    [4] => Array
        (
            [fid] => 20170613144013525
            [sid] => 38
            [type] => jpeg
            [filter] => image
            [destription] => 
            [name] => Chrysanthemum.jpg
            [size] => 879394
            [create_time] => 2017-06-13 14:40:13
            [suffix] => jpg
            [src] => /mf_upload/upload_file/2017/06/13/20170613144013525.jpg
            [width] => 1024
            [height] => 768
        )

    [5] => 1
    [6] => 2017-06-13 14:40:13
)

--------------------
[full_sql]
INSERT INTO `T_MIM_CHAT_RECORD` (`USID_FROM`, `SCENE_TYPE`, `SCENE_ID`, `STATUS`, `CONTENT`, `CONTENT_TYPE`, `CREATE_TIME`) VALUES ('13' ,'3' ,'14' ,'0' ,Array ,1 ,'2017-06-13 14:40:13' )
--------------------
[error]
Unknown column 'Array' in 'field list'
====================db log====================
[seq]
0.35820200 1497343696
--------------------
[unmixed_query]
INSERT INTO `T_MIM_CHAT_RECORD` (`USID_FROM`, `SCENE_TYPE`, `SCENE_ID`, `STATUS`, `CONTENT`, `CONTENT_TYPE`, `CREATE_TIME`) VALUES (? ,? ,? ,? ,? ,? ,? )
--------------------
[unmixed_params]
Array
(
    [0] => 13
    [1] => 3
    [2] => 14
    [3] => 0
    [4] => Array
        (
            [0] => Array
                (
                    [jQuery11020195288188600506] => 86
                )

            [length] => 1
        )

    [5] => 0
    [6] => 2017-06-13 16:48:16
)

--------------------
[full_sql]
INSERT INTO `T_MIM_CHAT_RECORD` (`USID_FROM`, `SCENE_TYPE`, `SCENE_ID`, `STATUS`, `CONTENT`, `CONTENT_TYPE`, `CREATE_TIME`) VALUES ('13' ,'3' ,'14' ,'0' ,Array ,0 ,'2017-06-13 16:48:16' )
--------------------
[error]
Unknown column 'Array' in 'field list'
====================db log====================
[seq]
0.00444000 1497343712
--------------------
[unmixed_query]
INSERT INTO `T_MIM_CHAT_RECORD` (`USID_FROM`, `SCENE_TYPE`, `SCENE_ID`, `STATUS`, `CONTENT`, `CONTENT_TYPE`, `CREATE_TIME`) VALUES (? ,? ,? ,? ,? ,? ,? )
--------------------
[unmixed_params]
Array
(
    [0] => 13
    [1] => 3
    [2] => 14
    [3] => 0
    [4] => Array
        (
            [0] => Array
                (
                    [jQuery110205612433039470829] => 86
                )

            [length] => 1
        )

    [5] => 0
    [6] => 2017-06-13 16:48:32
)

--------------------
[full_sql]
INSERT INTO `T_MIM_CHAT_RECORD` (`USID_FROM`, `SCENE_TYPE`, `SCENE_ID`, `STATUS`, `CONTENT`, `CONTENT_TYPE`, `CREATE_TIME`) VALUES ('13' ,'3' ,'14' ,'0' ,Array ,0 ,'2017-06-13 16:48:32' )
--------------------
[error]
Unknown column 'Array' in 'field list'
====================db log====================
[seq]
0.99727500 1497343712
--------------------
[unmixed_query]
INSERT INTO `T_MIM_CHAT_RECORD` (`USID_FROM`, `SCENE_TYPE`, `SCENE_ID`, `STATUS`, `CONTENT`, `CONTENT_TYPE`, `CREATE_TIME`) VALUES (? ,? ,? ,? ,? ,? ,? )
--------------------
[unmixed_params]
Array
(
    [0] => 13
    [1] => 3
    [2] => 14
    [3] => 0
    [4] => Array
        (
            [0] => Array
                (
                    [jQuery110205612433039470829] => 88
                )

            [length] => 1
        )

    [5] => 0
    [6] => 2017-06-13 16:48:32
)

--------------------
[full_sql]
INSERT INTO `T_MIM_CHAT_RECORD` (`USID_FROM`, `SCENE_TYPE`, `SCENE_ID`, `STATUS`, `CONTENT`, `CONTENT_TYPE`, `CREATE_TIME`) VALUES ('13' ,'3' ,'14' ,'0' ,Array ,0 ,'2017-06-13 16:48:32' )
--------------------
[error]
Unknown column 'Array' in 'field list'
====================db log====================
[seq]
0.15900100 1497343713
--------------------
[unmixed_query]
INSERT INTO `T_MIM_CHAT_RECORD` (`USID_FROM`, `SCENE_TYPE`, `SCENE_ID`, `STATUS`, `CONTENT`, `CONTENT_TYPE`, `CREATE_TIME`) VALUES (? ,? ,? ,? ,? ,? ,? )
--------------------
[unmixed_params]
Array
(
    [0] => 13
    [1] => 3
    [2] => 14
    [3] => 0
    [4] => Array
        (
            [0] => Array
                (
                    [jQuery110205612433039470829] => 90
                )

            [length] => 1
        )

    [5] => 0
    [6] => 2017-06-13 16:48:33
)

--------------------
[full_sql]
INSERT INTO `T_MIM_CHAT_RECORD` (`USID_FROM`, `SCENE_TYPE`, `SCENE_ID`, `STATUS`, `CONTENT`, `CONTENT_TYPE`, `CREATE_TIME`) VALUES ('13' ,'3' ,'14' ,'0' ,Array ,0 ,'2017-06-13 16:48:33' )
--------------------
[error]
Unknown column 'Array' in 'field list'
====================db log====================
[seq]
0.33599100 1497343713
--------------------
[unmixed_query]
INSERT INTO `T_MIM_CHAT_RECORD` (`USID_FROM`, `SCENE_TYPE`, `SCENE_ID`, `STATUS`, `CONTENT`, `CONTENT_TYPE`, `CREATE_TIME`) VALUES (? ,? ,? ,? ,? ,? ,? )
--------------------
[unmixed_params]
Array
(
    [0] => 13
    [1] => 3
    [2] => 14
    [3] => 0
    [4] => Array
        (
            [0] => Array
                (
                    [jQuery110205612433039470829] => 92
                )

            [length] => 1
        )

    [5] => 0
    [6] => 2017-06-13 16:48:33
)

--------------------
[full_sql]
INSERT INTO `T_MIM_CHAT_RECORD` (`USID_FROM`, `SCENE_TYPE`, `SCENE_ID`, `STATUS`, `CONTENT`, `CONTENT_TYPE`, `CREATE_TIME`) VALUES ('13' ,'3' ,'14' ,'0' ,Array ,0 ,'2017-06-13 16:48:33' )
--------------------
[error]
Unknown column 'Array' in 'field list'
====================db log====================
[seq]
0.60027000 1497343713
--------------------
[unmixed_query]
INSERT INTO `T_MIM_CHAT_RECORD` (`USID_FROM`, `SCENE_TYPE`, `SCENE_ID`, `STATUS`, `CONTENT`, `CONTENT_TYPE`, `CREATE_TIME`) VALUES (? ,? ,? ,? ,? ,? ,? )
--------------------
[unmixed_params]
Array
(
    [0] => 13
    [1] => 3
    [2] => 14
    [3] => 0
    [4] => Array
        (
            [0] => Array
                (
                    [jQuery110205612433039470829] => 94
                )

            [length] => 1
        )

    [5] => 0
    [6] => 2017-06-13 16:48:33
)

--------------------
[full_sql]
INSERT INTO `T_MIM_CHAT_RECORD` (`USID_FROM`, `SCENE_TYPE`, `SCENE_ID`, `STATUS`, `CONTENT`, `CONTENT_TYPE`, `CREATE_TIME`) VALUES ('13' ,'3' ,'14' ,'0' ,Array ,0 ,'2017-06-13 16:48:33' )
--------------------
[error]
Unknown column 'Array' in 'field list'
