====================db log====================
[seq]
0.59691300 1497490664
--------------------
[unmixed_query]
INSERT INTO `T_MIM_CHAT_RECORD` (`USID_FROM`, `SCENE_TYPE`, `SCENE_ID`, `STATUS`, `CONTENT`, `CONTENT_TYPE`, `CREATE_TIME`) VALUES (? ,? ,? ,? ,? ,? ,? )
--------------------
[unmixed_params]
Array
(
    [0] => 14
    [1] => 3
    [2] => 13
    [3] => 0
    [4] => Array
        (
            [fid] => 20170615093744174
            [sid] => 97
            [type] => jpeg
            [filter] => image
            [destription] => 
            [name] => Chrysanthemum.jpg
            [size] => 879394
            [create_time] => 2017-06-15 09:37:44
            [suffix] => jpg
            [src] => /mf_upload/upload_file/2017/06/15/20170615093744174.jpg
            [width] => 1024
            [height] => 768
        )

    [5] => 1
    [6] => 2017-06-15 09:37:44
)

--------------------
[full_sql]
INSERT INTO `T_MIM_CHAT_RECORD` (`USID_FROM`, `SCENE_TYPE`, `SCENE_ID`, `STATUS`, `CONTENT`, `CONTENT_TYPE`, `CREATE_TIME`) VALUES ('14' ,'3' ,'13' ,'0' ,Array ,1 ,'2017-06-15 09:37:44' )
--------------------
[error]
Unknown column 'Array' in 'field list'
====================db log====================
[seq]
0.80530800 1497490875
--------------------
[unmixed_query]
INSERT INTO `T_MIM_CHAT_RECORD` (`USID_FROM`, `SCENE_TYPE`, `SCENE_ID`, `STATUS`, `CONTENT`, `CONTENT_TYPE`, `CREATE_TIME`) VALUES (? ,? ,? ,? ,? ,? ,? )
--------------------
[unmixed_params]
Array
(
    [0] => 14
    [1] => 3
    [2] => 13
    [3] => 0
    [4] => Array
        (
            [fid] => 20170615094115174
            [sid] => 98
            [type] => jpeg
            [filter] => image
            [destription] => 
            [name] => Chrysanthemum.jpg
            [size] => 879394
            [create_time] => 2017-06-15 09:41:15
            [suffix] => jpg
            [src] => /mf_upload/upload_file/2017/06/15/20170615094115174.jpg
            [width] => 1024
            [height] => 768
        )

    [5] => 1
    [6] => 2017-06-15 09:41:15
)

--------------------
[full_sql]
INSERT INTO `T_MIM_CHAT_RECORD` (`USID_FROM`, `SCENE_TYPE`, `SCENE_ID`, `STATUS`, `CONTENT`, `CONTENT_TYPE`, `CREATE_TIME`) VALUES ('14' ,'3' ,'13' ,'0' ,Array ,1 ,'2017-06-15 09:41:15' )
--------------------
[error]
Unknown column 'Array' in 'field list'
